<?xml version="1.0" encoding="UTF-8"?>
<testng-results skipped="0" failed="0" ignored="0" total="1" passed="1">
  <reporter-output>
  </reporter-output>
  <suite name="Default suite" duration-ms="25" started-at="2020-04-17T10:58:19Z" finished-at="2020-04-17T10:58:19Z">
    <groups>
    </groups>
    <test name="Default test" duration-ms="25" started-at="2020-04-17T10:58:19Z" finished-at="2020-04-17T10:58:19Z">
      <class name="sum3.sum3.Sum">
        <test-method status="PASS" signature="beforMethod()[pri:0, instance:sum3.sum3.Sum@319b92f3]" name="beforMethod" is-config="true" duration-ms="9" started-at="2020-04-17T10:58:19Z" finished-at="2020-04-17T10:58:19Z">
          <reporter-output>
          </reporter-output>
        </test-method> <!-- beforMethod -->
        <test-method status="PASS" signature="trstMethod()[pri:0, instance:sum3.sum3.Sum@319b92f3]" name="trstMethod" duration-ms="4" started-at="2020-04-17T10:58:19Z" finished-at="2020-04-17T10:58:19Z">
          <reporter-output>
          </reporter-output>
        </test-method> <!-- trstMethod -->
      </class> <!-- sum3.sum3.Sum -->
    </test> <!-- Default test -->
  </suite> <!-- Default suite -->
</testng-results>
